DEBUG:root:This is a new file
DEBUG:root:This is a new file
DEBUG:root:This is a new file
DEBUG:root:This is a new file
DEBUG:root:This is a new file
DEBUG:root:This is a new file
DEBUG:root:This is a new file
DEBUG:root:This is a new file
DEBUG:root:This is a new file
DEBUG:root:This is a new file
DEBUG:root:This is a new file
DEBUG:root:This is a new file
DEBUG:root:This is a new file
DEBUG:root:This is a new file
DEBUG:root:This is a new file
DEBUG:root:This is debugging statement
INFO:root:This is information statement
WARNING:root:This is warning statement
ERROR:root:This is error message
CRITICAL:root:This is a critical message
20260406/11/26200416- root- This is a new file
20260406/11/26200420- root- This is a new file
20260406/11/26200421- root- This is a new file
20260706/11/26200753- root- This is a new file
20260806/11/26200800- root- This is a new file
20260806/11/26200801- root- This is a new file
20260611200955- root- This is a new file
20260611201025- root- THis is an zero div error
20260611201345- root- This is a new file
20260611201347- root- THis is an zero div error
20260611201348- root- THis is an zero div error
20260612201908- 3752226146.py- This is a new file
